<?xml version="1.0" encoding="UTF-8"?>
<!-- Generated by org.testng.reporters.JUnitReportReporter -->
<testsuite hostname="LAPTOP-5IJEV2I7" failures="0" tests="1" name="property_file.Property_file1" time="0.007" errors="0" timestamp="2023-08-29T15:28:16 IST" skipped="0">
  <testcase classname="property_file.Property_file1" name="test1" time="0.007"/>
</testsuite> <!-- property_file.Property_file1 -->
