<?xml version="1.0" encoding="UTF-8"?>
<!-- Generated by org.testng.reporters.JUnitReportReporter -->
<testsuite hostname="LAPTOP-5IJEV2I7" failures="0" tests="1" name="reporting_tools.Extent_report" time="0.296" errors="0" timestamp="2023-08-29T22:19:57 IST" skipped="0">
  <testcase classname="reporting_tools.Extent_report" name="test1" time="0.296"/>
</testsuite> <!-- reporting_tools.Extent_report -->
