<?xml version="1.0" encoding="UTF-8"?>
<!-- Generated by org.testng.reporters.JUnitReportReporter -->
<testsuite hostname="LAPTOP-5IJEV2I7" failures="0" tests="1" name="reporting_tools.Log4j_report2" time="0.026" errors="0" timestamp="2023-08-29T22:32:58 IST" skipped="0">
  <testcase classname="reporting_tools.Log4j_report2" name="report" time="0.026"/>
</testsuite> <!-- reporting_tools.Log4j_report2 -->
