<?xml version="1.0" encoding="UTF-8"?>
<!-- Generated by org.testng.reporters.JUnitReportReporter -->
<testsuite hostname="LAPTOP-5IJEV2I7" failures="0" tests="1" name="reporting_tools.Log4j_report" time="0.019" errors="0" timestamp="2023-08-29T22:25:50 IST" skipped="0">
  <testcase classname="reporting_tools.Log4j_report" name="console" time="0.019"/>
</testsuite> <!-- reporting_tools.Log4j_report -->
