<?xml version="1.0" encoding="UTF-8"?>
<!-- Generated by org.testng.reporters.JUnitReportReporter -->
<testsuite hostname="LAPTOP-5IJEV2I7" failures="0" tests="1" name="runner_script.Runner_pom" time="7.689" errors="0" timestamp="2023-08-31T16:22:52 IST" skipped="0">
  <testcase classname="runner_script.Runner_pom" name="click1" time="7.689"/>
</testsuite> <!-- runner_script.Runner_pom -->
