<?xml version="1.0" encoding="UTF-8"?>
<!-- Generated by org.testng.reporters.JUnitReportReporter -->
<testsuite hostname="LAPTOP-5IJEV2I7" failures="0" tests="2" name="runner_script.Parallel_execution" time="9.002" errors="0" timestamp="2023-08-31T17:05:29 IST" skipped="0">
  <testcase classname="runner_script.Parallel_execution" name="test1" time="5.459"/>
  <testcase classname="runner_script.Parallel_execution" name="test1" time="3.543"/>
</testsuite> <!-- runner_script.Parallel_execution -->
