<?xml version="1.0" encoding="UTF-8"?>
<!-- Generated by org.testng.reporters.JUnitReportReporter -->
<testsuite hostname="LAPTOP-5IJEV2I7" failures="0" tests="1" name="groups.Group1" time="0.007" errors="0" timestamp="2023-08-28T17:39:51 IST" skipped="0">
  <testcase classname="groups.Group1" name="test3" time="0.007"/>
</testsuite> <!-- groups.Group1 -->
