<?xml version="1.0" encoding="UTF-8"?>
<!-- Generated by org.testng.reporters.JUnitXMLReporter -->
<testsuite ignored="0" hostname="LAPTOP-5IJEV2I7" failures="0" tests="1" name="test-firefox" time="5.495" errors="0" timestamp="2023-08-31T17:05:29 IST">
  <testcase classname="runner_script.Parallel_execution" name="test1" time="5.459"/>
</testsuite> <!-- test-firefox -->
